# JRE version: Java(TM) SE Runtime Environment (20.0.2+9) (build 20.0.2+9-78)
# Java VM: Java HotSpot(TM) 64-Bit Server VM (20.0.2+9-78, mixed mode, sharing, tiered, compressed oops, compressed class ptrs, g1 gc, windows-amd64)
GC Precious Log:
 CardTable entry size: 512
 Card Set container configuration: InlinePtr #cards 5 size 8 Array Of Cards #cards 12 size 40 Howl #buckets 4 coarsen threshold 1843 Howl Bitmap #cards 512 size 80 coarsen threshold 460 Card regions per heap region 1 cards per card region 2048
 CPUs: 12 total, 12 available
 Memory: 7955M
 Large Page Support: Disabled
 NUMA Support: Disabled
 Compressed Oops: Enabled (32-bit)
 Heap Region Size: 1M
 Heap Min Capacity: 8M
 Heap Initial Capacity: 126M
 Heap Max Capacity: 1990M
 Pre-touch: Disabled
 Parallel Workers: 10
 Concurrent Workers: 3
 Concurrent Refinement Workers: 10
 Periodic GC: Disabled
Heap:
 garbage-first heap   total 287744K, used 169876K [0x0000000083a00000, 0x0000000100000000)
  region size 1024K, 119 young (121856K), 21 survivors (21504K)
 Metaspace       used 5099K, committed 5184K, reserved 1114112K
  class space    used 479K, committed 512K, reserved 1048576K
GC Heap History (20 events):
Event: 0.994 GC heap before
{Heap before GC invocations=1 (full 0):
 garbage-first heap   total 129024K, used 33789K [0x0000000083a00000, 0x0000000100000000)
  region size 1024K, 23 young (23552K), 3 survivors (3072K)
 Metaspace       used 3494K, committed 3648K, reserved 1114112K
  class space    used 321K, committed 384K, reserved 1048576K
}
Event: 1.000 GC heap after
{Heap after GC invocations=2 (full 0):
 garbage-first heap   total 129024K, used 13593K [0x0000000083a00000, 0x0000000100000000)
  region size 1024K, 1 young (1024K), 1 survivors (1024K)
 Metaspace       used 3494K, committed 3648K, reserved 1114112K
  class space    used 321K, committed 384K, reserved 1048576K
}
Event: 1.159 GC heap before
{Heap before GC invocations=2 (full 0):
 garbage-first heap   total 129024K, used 59673K [0x0000000083a00000, 0x0000000100000000)
  region size 1024K, 46 young (47104K), 1 survivors (1024K)
 Metaspace       used 3509K, committed 3648K, reserved 1114112K
  class space    used 321K, committed 384K, reserved 1048576K
}
Event: 1.161 GC heap after
{Heap after GC invocations=3 (full 0):
 garbage-first heap   total 129024K, used 13476K [0x0000000083a00000, 0x0000000100000000)
  region size 1024K, 1 young (1024K), 1 survivors (1024K)
 Metaspace       used 3509K, committed 3648K, reserved 1114112K
  class space    used 321K, committed 384K, reserved 1048576K
}
Event: 1.360 GC heap before
{Heap before GC invocations=3 (full 0):
 garbage-first heap   total 129024K, used 89252K [0x0000000083a00000, 0x0000000100000000)
  region size 1024K, 75 young (76800K), 1 survivors (1024K)
 Metaspace       used 3511K, committed 3648K, reserved 1114112K
  class space    used 321K, committed 384K, reserved 1048576K
}
Event: 1.362 GC heap after
{Heap after GC invocations=4 (full 0):
 garbage-first heap   total 129024K, used 13457K [0x0000000083a00000, 0x0000000100000000)
  region size 1024K, 1 young (1024K), 1 survivors (1024K)
 Metaspace       used 3511K, committed 3648K, reserved 1114112K
  class space    used 321K, committed 384K, reserved 1048576K
}
Event: 1.497 GC heap before
{Heap before GC invocations=4 (full 0):
 garbage-first heap   total 129024K, used 89233K [0x0000000083a00000, 0x0000000100000000)
  region size 1024K, 75 young (76800K), 1 survivors (1024K)
 Metaspace       used 3513K, committed 3648K, reserved 1114112K
  class space    used 321K, committed 384K, reserved 1048576K
}
Event: 1.500 GC heap after
{Heap after GC invocations=5 (full 0):
 garbage-first heap   total 129024K, used 13448K [0x0000000083a00000, 0x0000000100000000)
  region size 1024K, 1 young (1024K), 1 survivors (1024K)
 Metaspace       used 3513K, committed 3648K, reserved 1114112K
  class space    used 321K, committed 384K, reserved 1048576K
}
Event: 1.559 GC heap before
{Heap before GC invocations=5 (full 0):
 garbage-first heap   total 129024K, used 89224K [0x0000000083a00000, 0x0000000100000000)
  region size 1024K, 75 young (76800K), 1 survivors (1024K)
 Metaspace       used 3513K, committed 3648K, reserved 1114112K
  class space    used 321K, committed 384K, reserved 1048576K
}
Event: 1.562 GC heap after
{Heap after GC invocations=6 (full 0):
 garbage-first heap   total 155648K, used 13446K [0x0000000083a00000, 0x0000000100000000)
  region size 1024K, 1 young (1024K), 1 survivors (1024K)
 Metaspace       used 3513K, committed 3648K, reserved 1114112K
  class space    used 321K, committed 384K, reserved 1048576K
}
Event: 1.790 GC heap before
{Heap before GC invocations=6 (full 0):
 garbage-first heap   total 155648K, used 105606K [0x0000000083a00000, 0x0000000100000000)
  region size 1024K, 91 young (93184K), 1 survivors (1024K)
 Metaspace       used 3625K, committed 3840K, reserved 1114112K
  class space    used 332K, committed 448K, reserved 1048576K
}
Event: 1.806 GC heap after
{Heap after GC invocations=7 (full 0):
 garbage-first heap   total 155648K, used 21443K [0x0000000083a00000, 0x0000000100000000)
  region size 1024K, 8 young (8192K), 8 survivors (8192K)
 Metaspace       used 3625K, committed 3840K, reserved 1114112K
  class space    used 332K, committed 448K, reserved 1048576K
}
Event: 1.999 GC heap before
{Heap before GC invocations=7 (full 0):
 garbage-first heap   total 155648K, used 106435K [0x0000000083a00000, 0x0000000100000000)
  region size 1024K, 91 young (93184K), 8 survivors (8192K)
 Metaspace       used 3634K, committed 3840K, reserved 1114112K
  class space    used 332K, committed 448K, reserved 1048576K
}
Event: 2.019 GC heap after
{Heap after GC invocations=8 (full 0):
 garbage-first heap   total 155648K, used 32441K [0x0000000083a00000, 0x0000000100000000)
  region size 1024K, 11 young (11264K), 11 survivors (11264K)
 Metaspace       used 3634K, committed 3840K, reserved 1114112K
  class space    used 332K, committed 448K, reserved 1048576K
}
Event: 2.208 GC heap before
{Heap before GC invocations=8 (full 0):
 garbage-first heap   total 155648K, used 114361K [0x0000000083a00000, 0x0000000100000000)
  region size 1024K, 91 young (93184K), 11 survivors (11264K)
 Metaspace       used 3634K, committed 3840K, reserved 1114112K
  class space    used 332K, committed 448K, reserved 1048576K
}
Event: 2.230 GC heap after
{Heap after GC invocations=9 (full 0):
 garbage-first heap   total 155648K, used 41984K [0x0000000083a00000, 0x0000000100000000)
  region size 1024K, 11 young (11264K), 11 survivors (11264K)
 Metaspace       used 3634K, committed 3840K, reserved 1114112K
  class space    used 332K, committed 448K, reserved 1048576K
}
Event: 2.372 GC heap before
{Heap before GC invocations=9 (full 0):
 garbage-first heap   total 155648K, used 123904K [0x0000000083a00000, 0x0000000100000000)
  region size 1024K, 91 young (93184K), 11 survivors (11264K)
 Metaspace       used 3634K, committed 3840K, reserved 1114112K
  class space    used 332K, committed 448K, reserved 1048576K
}
Event: 2.398 GC heap after
{Heap after GC invocations=10 (full 0):
 garbage-first heap   total 287744K, used 52352K [0x0000000083a00000, 0x0000000100000000)
  region size 1024K, 11 young (11264K), 11 survivors (11264K)
 Metaspace       used 3634K, committed 3840K, reserved 1114112K
  class space    used 332K, committed 448K, reserved 1048576K
}
Event: 3.546 GC heap before
{Heap before GC invocations=10 (full 0):
 garbage-first heap   total 287744K, used 214144K [0x0000000083a00000, 0x0000000100000000)
  region size 1024K, 168 young (172032K), 11 survivors (11264K)
 Metaspace       used 4311K, committed 4544K, reserved 1114112K
  class space    used 410K, committed 512K, reserved 1048576K
}
Event: 3.569 GC heap after
{Heap after GC invocations=11 (full 0):
 garbage-first heap   total 287744K, used 70548K [0x0000000083a00000, 0x0000000100000000)
  region size 1024K, 21 young (21504K), 21 survivors (21504K)
 Metaspace       used 4311K, committed 4544K, reserved 1114112K
  class space    used 410K, committed 512K, reserved 1048576K
}

