# JRE version: Java(TM) SE Runtime Environment (20.0.2+9) (build 20.0.2+9-78)
# Java VM: Java HotSpot(TM) 64-Bit Server VM (20.0.2+9-78, mixed mode, sharing, tiered, compressed oops, compressed class ptrs, g1 gc, windows-amd64)
GC Precious Log:
 CardTable entry size: 512
 Card Set container configuration: InlinePtr #cards 5 size 8 Array Of Cards #cards 12 size 40 Howl #buckets 4 coarsen threshold 1843 Howl Bitmap #cards 512 size 80 coarsen threshold 460 Card regions per heap region 1 cards per card region 2048
 CPUs: 12 total, 12 available
 Memory: 7955M
 Large Page Support: Disabled
 NUMA Support: Disabled
 Compressed Oops: Enabled (32-bit)
 Heap Region Size: 1M
 Heap Min Capacity: 8M
 Heap Initial Capacity: 126M
 Heap Max Capacity: 1990M
 Pre-touch: Disabled
 Parallel Workers: 10
 Concurrent Workers: 3
 Concurrent Refinement Workers: 10
 Periodic GC: Disabled
Heap:
 garbage-first heap   total 336896K, used 144640K [0x0000000083a00000, 0x0000000100000000)
  region size 1024K, 93 young (95232K), 10 survivors (10240K)
 Metaspace       used 4330K, committed 4544K, reserved 1114112K
  class space    used 410K, committed 512K, reserved 1048576K
GC Heap History (20 events):
Event: 0.891 GC heap before
{Heap before GC invocations=1 (full 0):
 garbage-first heap   total 129024K, used 35056K [0x0000000083a00000, 0x0000000100000000)
  region size 1024K, 24 young (24576K), 3 survivors (3072K)
 Metaspace       used 3520K, committed 3648K, reserved 1114112K
  class space    used 321K, committed 384K, reserved 1048576K
}
Event: 0.896 GC heap after
{Heap after GC invocations=2 (full 0):
 garbage-first heap   total 129024K, used 13629K [0x0000000083a00000, 0x0000000100000000)
  region size 1024K, 1 young (1024K), 1 survivors (1024K)
 Metaspace       used 3520K, committed 3648K, reserved 1114112K
  class space    used 321K, committed 384K, reserved 1048576K
}
Event: 1.016 GC heap before
{Heap before GC invocations=2 (full 0):
 garbage-first heap   total 129024K, used 59709K [0x0000000083a00000, 0x0000000100000000)
  region size 1024K, 46 young (47104K), 1 survivors (1024K)
 Metaspace       used 3521K, committed 3648K, reserved 1114112K
  class space    used 321K, committed 384K, reserved 1048576K
}
Event: 1.017 GC heap after
{Heap after GC invocations=3 (full 0):
 garbage-first heap   total 129024K, used 13548K [0x0000000083a00000, 0x0000000100000000)
  region size 1024K, 1 young (1024K), 1 survivors (1024K)
 Metaspace       used 3521K, committed 3648K, reserved 1114112K
  class space    used 321K, committed 384K, reserved 1048576K
}
Event: 1.129 GC heap before
{Heap before GC invocations=3 (full 0):
 garbage-first heap   total 129024K, used 89324K [0x0000000083a00000, 0x0000000100000000)
  region size 1024K, 75 young (76800K), 1 survivors (1024K)
 Metaspace       used 3523K, committed 3648K, reserved 1114112K
  class space    used 321K, committed 384K, reserved 1048576K
}
Event: 1.130 GC heap after
{Heap after GC invocations=4 (full 0):
 garbage-first heap   total 129024K, used 13519K [0x0000000083a00000, 0x0000000100000000)
  region size 1024K, 1 young (1024K), 1 survivors (1024K)
 Metaspace       used 3523K, committed 3648K, reserved 1114112K
  class space    used 321K, committed 384K, reserved 1048576K
}
Event: 1.212 GC heap before
{Heap before GC invocations=4 (full 0):
 garbage-first heap   total 129024K, used 89295K [0x0000000083a00000, 0x0000000100000000)
  region size 1024K, 75 young (76800K), 1 survivors (1024K)
 Metaspace       used 3524K, committed 3648K, reserved 1114112K
  class space    used 321K, committed 384K, reserved 1048576K
}
Event: 1.213 GC heap after
{Heap after GC invocations=5 (full 0):
 garbage-first heap   total 129024K, used 13507K [0x0000000083a00000, 0x0000000100000000)
  region size 1024K, 1 young (1024K), 1 survivors (1024K)
 Metaspace       used 3524K, committed 3648K, reserved 1114112K
  class space    used 321K, committed 384K, reserved 1048576K
}
Event: 1.285 GC heap before
{Heap before GC invocations=5 (full 0):
 garbage-first heap   total 129024K, used 89283K [0x0000000083a00000, 0x0000000100000000)
  region size 1024K, 75 young (76800K), 1 survivors (1024K)
 Metaspace       used 3524K, committed 3648K, reserved 1114112K
  class space    used 321K, committed 384K, reserved 1048576K
}
Event: 1.286 GC heap after
{Heap after GC invocations=6 (full 0):
 garbage-first heap   total 129024K, used 13506K [0x0000000083a00000, 0x0000000100000000)
  region size 1024K, 1 young (1024K), 1 survivors (1024K)
 Metaspace       used 3524K, committed 3648K, reserved 1114112K
  class space    used 321K, committed 384K, reserved 1048576K
}
Event: 1.515 GC heap before
{Heap before GC invocations=6 (full 0):
 garbage-first heap   total 129024K, used 89282K [0x0000000083a00000, 0x0000000100000000)
  region size 1024K, 75 young (76800K), 1 survivors (1024K)
 Metaspace       used 3635K, committed 3840K, reserved 1114112K
  class space    used 332K, committed 448K, reserved 1048576K
}
Event: 1.524 GC heap after
{Heap after GC invocations=7 (full 0):
 garbage-first heap   total 155648K, used 19455K [0x0000000083a00000, 0x0000000100000000)
  region size 1024K, 6 young (6144K), 6 survivors (6144K)
 Metaspace       used 3635K, committed 3840K, reserved 1114112K
  class space    used 332K, committed 448K, reserved 1048576K
}
Event: 1.706 GC heap before
{Heap before GC invocations=7 (full 0):
 garbage-first heap   total 155648K, used 106495K [0x0000000083a00000, 0x0000000100000000)
  region size 1024K, 91 young (93184K), 6 survivors (6144K)
 Metaspace       used 3643K, committed 3840K, reserved 1114112K
  class space    used 332K, committed 448K, reserved 1048576K
}
Event: 1.732 GC heap after
{Heap after GC invocations=8 (full 0):
 garbage-first heap   total 155648K, used 29696K [0x0000000083a00000, 0x0000000100000000)
  region size 1024K, 12 young (12288K), 12 survivors (12288K)
 Metaspace       used 3643K, committed 3840K, reserved 1114112K
  class space    used 332K, committed 448K, reserved 1048576K
}
Event: 1.830 GC heap before
{Heap before GC invocations=8 (full 0):
 garbage-first heap   total 155648K, used 110592K [0x0000000083a00000, 0x0000000100000000)
  region size 1024K, 91 young (93184K), 12 survivors (12288K)
 Metaspace       used 3643K, committed 3840K, reserved 1114112K
  class space    used 332K, committed 448K, reserved 1048576K
}
Event: 1.858 GC heap after
{Heap after GC invocations=9 (full 0):
 garbage-first heap   total 155648K, used 40960K [0x0000000083a00000, 0x0000000100000000)
  region size 1024K, 11 young (11264K), 11 survivors (11264K)
 Metaspace       used 3643K, committed 3840K, reserved 1114112K
  class space    used 332K, committed 448K, reserved 1048576K
}
Event: 1.965 GC heap before
{Heap before GC invocations=9 (full 0):
 garbage-first heap   total 155648K, used 122880K [0x0000000083a00000, 0x0000000100000000)
  region size 1024K, 91 young (93184K), 11 survivors (11264K)
 Metaspace       used 3643K, committed 3840K, reserved 1114112K
  class space    used 332K, committed 448K, reserved 1048576K
}
Event: 1.995 GC heap after
{Heap after GC invocations=10 (full 0):
 garbage-first heap   total 155648K, used 50688K [0x0000000083a00000, 0x0000000100000000)
  region size 1024K, 11 young (11264K), 11 survivors (11264K)
 Metaspace       used 3643K, committed 3840K, reserved 1114112K
  class space    used 332K, committed 448K, reserved 1048576K
}
Event: 2.166 GC heap before
{Heap before GC invocations=10 (full 0):
 garbage-first heap   total 155648K, used 130560K [0x0000000083a00000, 0x0000000100000000)
  region size 1024K, 88 young (90112K), 11 survivors (11264K)
 Metaspace       used 3643K, committed 3840K, reserved 1114112K
  class space    used 332K, committed 448K, reserved 1048576K
}
Event: 2.196 GC heap after
{Heap after GC invocations=11 (full 0):
 garbage-first heap   total 336896K, used 60672K [0x0000000083a00000, 0x0000000100000000)
  region size 1024K, 10 young (10240K), 10 survivors (10240K)
 Metaspace       used 3643K, committed 3840K, reserved 1114112K
  class space    used 332K, committed 448K, reserved 1048576K
}

